-- Found ament_cmake: 1.3.11 (/opt/ros/humble/share/ament_cmake/cmake)
-- Found ament_lint_auto: 0.12.11 (/opt/ros/humble/share/ament_lint_auto/cmake)
-- Found robot_state_publisher: 3.0.3 (/opt/ros/humble/share/robot_state_publisher/cmake)
-- Found rosidl_generator_c: 3.1.6 (/opt/ros/humble/share/rosidl_generator_c/cmake)
-- Found rosidl_adapter: 3.1.6 (/opt/ros/humble/share/rosidl_adapter/cmake)
-- Found rosidl_generator_cpp: 3.1.6 (/opt/ros/humble/share/rosidl_generator_cpp/cmake)
-- Using all available rosidl_typesupport_c: rosidl_typesupport_fastrtps_c;rosidl_typesupport_introspection_c
-- Using all available rosidl_typesupport_cpp: rosidl_typesupport_fastrtps_cpp;rosidl_typesupport_introspection_cpp
-- Found eigen3_cmake_module: 0.1.1 (/opt/ros/humble/share/eigen3_cmake_module/cmake)
-- Found Eigen3: TRUE (found version "3.4.0") 
-- Ensuring Eigen3 include directory is part of orocos-kdl CMake target
-- Found rmw_implementation_cmake: 6.1.2 (/opt/ros/humble/share/rmw_implementation_cmake/cmake)
-- Found rmw_fastrtps_cpp: 6.2.7 (/opt/ros/humble/share/rmw_fastrtps_cpp/cmake)
-- Found OpenSSL: /usr/lib/x86_64-linux-gnu/libcrypto.so (found version "3.0.2")  
-- Found FastRTPS: /opt/ros/humble/include  
-- Using RMW implementation 'rmw_fastrtps_cpp' as default
-- Looking for pthread.h
-- Looking for pthread.h - found
-- Performing Test CMAKE_HAVE_LIBC_PTHREAD
-- Performing Test CMAKE_HAVE_LIBC_PTHREAD - Success
-- Found Threads: TRUE  
-- Found rviz2: 11.2.14 (/opt/ros/humble/share/rviz2/cmake)
-- Added test 'cppcheck' to perform static code analysis on C / C++ code
-- Configured cppcheck include dirs: 
-- Configured cppcheck exclude dirs and/or files: 
-- Added test 'flake8' to check Python code syntax and style conventions
-- Added test 'lint_cmake' to check CMake code style
-- Added test 'pep257' to check Python code against some of the docstring style conventions in PEP 257
-- Added test 'uncrustify' to check C / C++ code style
-- Configured uncrustify additional arguments: 
-- Added test 'xmllint' to check XML markup files
-- Configuring done
-- Generating done
-- Build files have been written to: /home/tan/mrt/urdf_ws/build/three_wheeled_robot
-- Install configuration: ""
-- Up-to-date: /home/tan/mrt/urdf_ws/install/three_wheeled_robot/share/three_wheeled_robot/urdf
-- Up-to-date: /home/tan/mrt/urdf_ws/install/three_wheeled_robot/share/three_wheeled_robot/urdf/my_robot.urdf
-- Up-to-date: /home/tan/mrt/urdf_ws/install/three_wheeled_robot/share/three_wheeled_robot/launch
-- Installing: /home/tan/mrt/urdf_ws/install/three_wheeled_robot/share/three_wheeled_robot/launch/urdf_display.launch.py
-- Up-to-date: /home/tan/mrt/urdf_ws/install/three_wheeled_robot/share/ament_index/resource_index/package_run_dependencies/three_wheeled_robot
-- Installing: /home/tan/mrt/urdf_ws/install/three_wheeled_robot/share/ament_index/resource_index/parent_prefix_path/three_wheeled_robot
-- Up-to-date: /home/tan/mrt/urdf_ws/install/three_wheeled_robot/share/three_wheeled_robot/environment/ament_prefix_path.sh
-- Installing: /home/tan/mrt/urdf_ws/install/three_wheeled_robot/share/three_wheeled_robot/environment/ament_prefix_path.dsv
-- Up-to-date: /home/tan/mrt/urdf_ws/install/three_wheeled_robot/share/three_wheeled_robot/environment/path.sh
-- Installing: /home/tan/mrt/urdf_ws/install/three_wheeled_robot/share/three_wheeled_robot/environment/path.dsv
-- Up-to-date: /home/tan/mrt/urdf_ws/install/three_wheeled_robot/share/three_wheeled_robot/local_setup.bash
-- Up-to-date: /home/tan/mrt/urdf_ws/install/three_wheeled_robot/share/three_wheeled_robot/local_setup.sh
-- Up-to-date: /home/tan/mrt/urdf_ws/install/three_wheeled_robot/share/three_wheeled_robot/local_setup.zsh
-- Installing: /home/tan/mrt/urdf_ws/install/three_wheeled_robot/share/three_wheeled_robot/local_setup.dsv
-- Installing: /home/tan/mrt/urdf_ws/install/three_wheeled_robot/share/three_wheeled_robot/package.dsv
-- Up-to-date: /home/tan/mrt/urdf_ws/install/three_wheeled_robot/share/ament_index/resource_index/packages/three_wheeled_robot
-- Up-to-date: /home/tan/mrt/urdf_ws/install/three_wheeled_robot/share/three_wheeled_robot/cmake/three_wheeled_robotConfig.cmake
-- Up-to-date: /home/tan/mrt/urdf_ws/install/three_wheeled_robot/share/three_wheeled_robot/cmake/three_wheeled_robotConfig-version.cmake
-- Up-to-date: /home/tan/mrt/urdf_ws/install/three_wheeled_robot/share/three_wheeled_robot/package.xml
