[0.007s] Invoking command in '/home/tan/mrt/urdf_ws/build/three_wheeled_robot': CMAKE_PREFIX_PATH=${CMAKE_PREFIX_PATH}:/home/tan/mrt/mrt_ws/install/week0_tutorials:/home/tan/mrt/mrt_ws/install/sauron:/home/tan/mrt/mrt_ws/install/aruco_detection:/opt/ros/humble /usr/bin/cmake --build /home/tan/mrt/urdf_ws/build/three_wheeled_robot -- -j12 -l12
[0.023s] -- Found ament_cmake: 1.3.11 (/opt/ros/humble/share/ament_cmake/cmake)
[0.106s] -- Found ament_lint_auto: 0.12.11 (/opt/ros/humble/share/ament_lint_auto/cmake)
[0.108s] -- Found robot_state_publisher: 3.0.3 (/opt/ros/humble/share/robot_state_publisher/cmake)
[0.136s] -- Found rosidl_generator_c: 3.1.6 (/opt/ros/humble/share/rosidl_generator_c/cmake)
[0.140s] -- Found rosidl_adapter: 3.1.6 (/opt/ros/humble/share/rosidl_adapter/cmake)
[0.148s] -- Found rosidl_generator_cpp: 3.1.6 (/opt/ros/humble/share/rosidl_generator_cpp/cmake)
[0.158s] -- Using all available rosidl_typesupport_c: rosidl_typesupport_fastrtps_c;rosidl_typesupport_introspection_c
[0.170s] -- Using all available rosidl_typesupport_cpp: rosidl_typesupport_fastrtps_cpp;rosidl_typesupport_introspection_cpp
[0.209s] -- Found eigen3_cmake_module: 0.1.1 (/opt/ros/humble/share/eigen3_cmake_module/cmake)
[0.210s] -- Found Eigen3: TRUE (found version "3.4.0") 
[0.210s] -- Ensuring Eigen3 include directory is part of orocos-kdl CMake target
[0.243s] -- Found rmw_implementation_cmake: 6.1.2 (/opt/ros/humble/share/rmw_implementation_cmake/cmake)
[0.245s] -- Found rmw_fastrtps_cpp: 6.2.7 (/opt/ros/humble/share/rmw_fastrtps_cpp/cmake)
[0.321s] -- Found OpenSSL: /usr/lib/x86_64-linux-gnu/libcrypto.so (found version "3.0.2")  
[0.340s] -- Found FastRTPS: /opt/ros/humble/include  
[0.368s] -- Using RMW implementation 'rmw_fastrtps_cpp' as default
[0.378s] -- Looking for pthread.h
[0.443s] -- Looking for pthread.h - found
[0.443s] -- Performing Test CMAKE_HAVE_LIBC_PTHREAD
[0.504s] -- Performing Test CMAKE_HAVE_LIBC_PTHREAD - Success
[0.504s] -- Found Threads: TRUE  
[0.626s] -- Found rviz2: 11.2.14 (/opt/ros/humble/share/rviz2/cmake)
[0.674s] -- Added test 'cppcheck' to perform static code analysis on C / C++ code
[0.674s] -- Configured cppcheck include dirs: 
[0.674s] -- Configured cppcheck exclude dirs and/or files: 
[0.675s] -- Added test 'flake8' to check Python code syntax and style conventions
[0.676s] -- Added test 'lint_cmake' to check CMake code style
[0.676s] -- Added test 'pep257' to check Python code against some of the docstring style conventions in PEP 257
[0.679s] -- Added test 'uncrustify' to check C / C++ code style
[0.680s] -- Configured uncrustify additional arguments: 
[0.680s] -- Added test 'xmllint' to check XML markup files
[0.680s] -- Configuring done
[0.683s] -- Generating done
[0.684s] -- Build files have been written to: /home/tan/mrt/urdf_ws/build/three_wheeled_robot
[0.705s] Invoked command in '/home/tan/mrt/urdf_ws/build/three_wheeled_robot' returned '0': CMAKE_PREFIX_PATH=${CMAKE_PREFIX_PATH}:/home/tan/mrt/mrt_ws/install/week0_tutorials:/home/tan/mrt/mrt_ws/install/sauron:/home/tan/mrt/mrt_ws/install/aruco_detection:/opt/ros/humble /usr/bin/cmake --build /home/tan/mrt/urdf_ws/build/three_wheeled_robot -- -j12 -l12
[0.712s] Invoking command in '/home/tan/mrt/urdf_ws/build/three_wheeled_robot': CMAKE_PREFIX_PATH=${CMAKE_PREFIX_PATH}:/home/tan/mrt/mrt_ws/install/week0_tutorials:/home/tan/mrt/mrt_ws/install/sauron:/home/tan/mrt/mrt_ws/install/aruco_detection:/opt/ros/humble /usr/bin/cmake --install /home/tan/mrt/urdf_ws/build/three_wheeled_robot
[0.717s] -- Install configuration: ""
[0.717s] -- Up-to-date: /home/tan/mrt/urdf_ws/install/three_wheeled_robot/share/three_wheeled_robot/urdf
[0.717s] -- Up-to-date: /home/tan/mrt/urdf_ws/install/three_wheeled_robot/share/three_wheeled_robot/urdf/my_robot.urdf
[0.718s] -- Up-to-date: /home/tan/mrt/urdf_ws/install/three_wheeled_robot/share/three_wheeled_robot/launch
[0.718s] -- Installing: /home/tan/mrt/urdf_ws/install/three_wheeled_robot/share/three_wheeled_robot/launch/urdf_display.launch.py
[0.718s] -- Up-to-date: /home/tan/mrt/urdf_ws/install/three_wheeled_robot/share/ament_index/resource_index/package_run_dependencies/three_wheeled_robot
[0.719s] -- Installing: /home/tan/mrt/urdf_ws/install/three_wheeled_robot/share/ament_index/resource_index/parent_prefix_path/three_wheeled_robot
[0.719s] -- Up-to-date: /home/tan/mrt/urdf_ws/install/three_wheeled_robot/share/three_wheeled_robot/environment/ament_prefix_path.sh
[0.719s] -- Installing: /home/tan/mrt/urdf_ws/install/three_wheeled_robot/share/three_wheeled_robot/environment/ament_prefix_path.dsv
[0.719s] -- Up-to-date: /home/tan/mrt/urdf_ws/install/three_wheeled_robot/share/three_wheeled_robot/environment/path.sh
[0.719s] -- Installing: /home/tan/mrt/urdf_ws/install/three_wheeled_robot/share/three_wheeled_robot/environment/path.dsv
[0.720s] -- Up-to-date: /home/tan/mrt/urdf_ws/install/three_wheeled_robot/share/three_wheeled_robot/local_setup.bash
[0.720s] -- Up-to-date: /home/tan/mrt/urdf_ws/install/three_wheeled_robot/share/three_wheeled_robot/local_setup.sh
[0.720s] -- Up-to-date: /home/tan/mrt/urdf_ws/install/three_wheeled_robot/share/three_wheeled_robot/local_setup.zsh
[0.720s] -- Installing: /home/tan/mrt/urdf_ws/install/three_wheeled_robot/share/three_wheeled_robot/local_setup.dsv
[0.720s] -- Installing: /home/tan/mrt/urdf_ws/install/three_wheeled_robot/share/three_wheeled_robot/package.dsv
[0.720s] -- Up-to-date: /home/tan/mrt/urdf_ws/install/three_wheeled_robot/share/ament_index/resource_index/packages/three_wheeled_robot
[0.721s] -- Up-to-date: /home/tan/mrt/urdf_ws/install/three_wheeled_robot/share/three_wheeled_robot/cmake/three_wheeled_robotConfig.cmake
[0.721s] -- Up-to-date: /home/tan/mrt/urdf_ws/install/three_wheeled_robot/share/three_wheeled_robot/cmake/three_wheeled_robotConfig-version.cmake
[0.721s] -- Up-to-date: /home/tan/mrt/urdf_ws/install/three_wheeled_robot/share/three_wheeled_robot/package.xml
[0.721s] Invoked command in '/home/tan/mrt/urdf_ws/build/three_wheeled_robot' returned '0': CMAKE_PREFIX_PATH=${CMAKE_PREFIX_PATH}:/home/tan/mrt/mrt_ws/install/week0_tutorials:/home/tan/mrt/mrt_ws/install/sauron:/home/tan/mrt/mrt_ws/install/aruco_detection:/opt/ros/humble /usr/bin/cmake --install /home/tan/mrt/urdf_ws/build/three_wheeled_robot
