[0.009s] Invoking command in '/home/tan/mrt/urdf_ws/build/three_wheeled_robot': CMAKE_PREFIX_PATH=${CMAKE_PREFIX_PATH}:/home/tan/mrt/mrt_ws/install/week0_tutorials:/home/tan/mrt/mrt_ws/install/sauron:/home/tan/mrt/mrt_ws/install/aruco_detection:/opt/ros/humble /usr/bin/cmake /home/tan/mrt/urdf_ws/src/three_wheeled_robot -DCMAKE_INSTALL_PREFIX=/home/tan/mrt/urdf_ws/install/three_wheeled_robot
[0.047s] -- The C compiler identification is GNU 11.4.0
[0.088s] -- The CXX compiler identification is GNU 11.4.0
[0.093s] -- Detecting C compiler ABI info
[0.144s] -- Detecting C compiler ABI info - done
[0.150s] -- Check for working C compiler: /usr/bin/cc - skipped
[0.150s] -- Detecting C compile features
[0.150s] -- Detecting C compile features - done
[0.152s] -- Detecting CXX compiler ABI info
[0.204s] -- Detecting CXX compiler ABI info - done
[0.209s] -- Check for working CXX compiler: /usr/bin/c++ - skipped
[0.209s] -- Detecting CXX compile features
[0.209s] -- Detecting CXX compile features - done
[0.210s] -- Found ament_cmake: 1.3.11 (/opt/ros/humble/share/ament_cmake/cmake)
[0.318s] -- Found Python3: /usr/bin/python3 (found version "3.10.12") found components: Interpreter 
[0.368s] -- Found ament_lint_auto: 0.12.11 (/opt/ros/humble/share/ament_lint_auto/cmake)
[0.420s] -- Added test 'cppcheck' to perform static code analysis on C / C++ code
[0.420s] -- Configured cppcheck include dirs: 
[0.420s] -- Configured cppcheck exclude dirs and/or files: 
[0.420s] -- Added test 'flake8' to check Python code syntax and style conventions
[0.421s] -- Added test 'lint_cmake' to check CMake code style
[0.422s] -- Added test 'pep257' to check Python code against some of the docstring style conventions in PEP 257
[0.425s] -- Added test 'uncrustify' to check C / C++ code style
[0.425s] -- Configured uncrustify additional arguments: 
[0.426s] -- Added test 'xmllint' to check XML markup files
[0.426s] -- Configuring done
[0.428s] -- Generating done
[0.428s] -- Build files have been written to: /home/tan/mrt/urdf_ws/build/three_wheeled_robot
[0.431s] Invoked command in '/home/tan/mrt/urdf_ws/build/three_wheeled_robot' returned '0': CMAKE_PREFIX_PATH=${CMAKE_PREFIX_PATH}:/home/tan/mrt/mrt_ws/install/week0_tutorials:/home/tan/mrt/mrt_ws/install/sauron:/home/tan/mrt/mrt_ws/install/aruco_detection:/opt/ros/humble /usr/bin/cmake /home/tan/mrt/urdf_ws/src/three_wheeled_robot -DCMAKE_INSTALL_PREFIX=/home/tan/mrt/urdf_ws/install/three_wheeled_robot
[0.433s] Invoking command in '/home/tan/mrt/urdf_ws/build/three_wheeled_robot': CMAKE_PREFIX_PATH=${CMAKE_PREFIX_PATH}:/home/tan/mrt/mrt_ws/install/week0_tutorials:/home/tan/mrt/mrt_ws/install/sauron:/home/tan/mrt/mrt_ws/install/aruco_detection:/opt/ros/humble /usr/bin/cmake --build /home/tan/mrt/urdf_ws/build/three_wheeled_robot -- -j12 -l12
[0.463s] Invoked command in '/home/tan/mrt/urdf_ws/build/three_wheeled_robot' returned '0': CMAKE_PREFIX_PATH=${CMAKE_PREFIX_PATH}:/home/tan/mrt/mrt_ws/install/week0_tutorials:/home/tan/mrt/mrt_ws/install/sauron:/home/tan/mrt/mrt_ws/install/aruco_detection:/opt/ros/humble /usr/bin/cmake --build /home/tan/mrt/urdf_ws/build/three_wheeled_robot -- -j12 -l12
[0.469s] Invoking command in '/home/tan/mrt/urdf_ws/build/three_wheeled_robot': CMAKE_PREFIX_PATH=${CMAKE_PREFIX_PATH}:/home/tan/mrt/mrt_ws/install/week0_tutorials:/home/tan/mrt/mrt_ws/install/sauron:/home/tan/mrt/mrt_ws/install/aruco_detection:/opt/ros/humble /usr/bin/cmake --install /home/tan/mrt/urdf_ws/build/three_wheeled_robot
[0.473s] -- Install configuration: ""
[0.473s] -- Installing: /home/tan/mrt/urdf_ws/install/three_wheeled_robot/share/three_wheeled_robot/urdf
[0.473s] -- Installing: /home/tan/mrt/urdf_ws/install/three_wheeled_robot/share/three_wheeled_robot/urdf/my_robot.urdf
[0.474s] -- Installing: /home/tan/mrt/urdf_ws/install/three_wheeled_robot/share/ament_index/resource_index/package_run_dependencies/three_wheeled_robot
[0.474s] -- Installing: /home/tan/mrt/urdf_ws/install/three_wheeled_robot/share/ament_index/resource_index/parent_prefix_path/three_wheeled_robot
[0.474s] -- Installing: /home/tan/mrt/urdf_ws/install/three_wheeled_robot/share/three_wheeled_robot/environment/ament_prefix_path.sh
[0.474s] -- Installing: /home/tan/mrt/urdf_ws/install/three_wheeled_robot/share/three_wheeled_robot/environment/ament_prefix_path.dsv
[0.474s] -- Installing: /home/tan/mrt/urdf_ws/install/three_wheeled_robot/share/three_wheeled_robot/environment/path.sh
[0.474s] -- Installing: /home/tan/mrt/urdf_ws/install/three_wheeled_robot/share/three_wheeled_robot/environment/path.dsv
[0.474s] -- Installing: /home/tan/mrt/urdf_ws/install/three_wheeled_robot/share/three_wheeled_robot/local_setup.bash
[0.474s] -- Installing: /home/tan/mrt/urdf_ws/install/three_wheeled_robot/share/three_wheeled_robot/local_setup.sh
[0.475s] -- Installing: /home/tan/mrt/urdf_ws/install/three_wheeled_robot/share/three_wheeled_robot/local_setup.zsh
[0.475s] -- Installing: /home/tan/mrt/urdf_ws/install/three_wheeled_robot/share/three_wheeled_robot/local_setup.dsv
[0.475s] -- Installing: /home/tan/mrt/urdf_ws/install/three_wheeled_robot/share/three_wheeled_robot/package.dsv
[0.475s] -- Installing: /home/tan/mrt/urdf_ws/install/three_wheeled_robot/share/ament_index/resource_index/packages/three_wheeled_robot
[0.475s] -- Installing: /home/tan/mrt/urdf_ws/install/three_wheeled_robot/share/three_wheeled_robot/cmake/three_wheeled_robotConfig.cmake
[0.475s] -- Installing: /home/tan/mrt/urdf_ws/install/three_wheeled_robot/share/three_wheeled_robot/cmake/three_wheeled_robotConfig-version.cmake
[0.475s] -- Installing: /home/tan/mrt/urdf_ws/install/three_wheeled_robot/share/three_wheeled_robot/package.xml
[0.476s] Invoked command in '/home/tan/mrt/urdf_ws/build/three_wheeled_robot' returned '0': CMAKE_PREFIX_PATH=${CMAKE_PREFIX_PATH}:/home/tan/mrt/mrt_ws/install/week0_tutorials:/home/tan/mrt/mrt_ws/install/sauron:/home/tan/mrt/mrt_ws/install/aruco_detection:/opt/ros/humble /usr/bin/cmake --install /home/tan/mrt/urdf_ws/build/three_wheeled_robot
