[0.006s] Invoking command in '/home/tan/mrt/urdf_ws/src/three_wheeled_robot/build/three_wheeled_robot': CMAKE_PREFIX_PATH=${CMAKE_PREFIX_PATH}:/home/tan/mrt/mrt_ws/install/week0_tutorials:/home/tan/mrt/mrt_ws/install/sauron:/home/tan/mrt/mrt_ws/install/aruco_detection:/opt/ros/humble /usr/bin/cmake /home/tan/mrt/urdf_ws/src/three_wheeled_robot -DCMAKE_INSTALL_PREFIX=/home/tan/mrt/urdf_ws/src/three_wheeled_robot/install/three_wheeled_robot
[0.050s] -- The C compiler identification is GNU 11.4.0
[0.091s] -- The CXX compiler identification is GNU 11.4.0
[0.096s] -- Detecting C compiler ABI info
[0.153s] -- Detecting C compiler ABI info - done
[0.162s] -- Check for working C compiler: /usr/bin/cc - skipped
[0.163s] -- Detecting C compile features
[0.163s] -- Detecting C compile features - done
[0.165s] -- Detecting CXX compiler ABI info
[0.226s] -- Detecting CXX compiler ABI info - done
[0.231s] -- Check for working CXX compiler: /usr/bin/c++ - skipped
[0.231s] -- Detecting CXX compile features
[0.231s] -- Detecting CXX compile features - done
[0.233s] -- Found ament_cmake: 1.3.11 (/opt/ros/humble/share/ament_cmake/cmake)
[0.336s] -- Found Python3: /usr/bin/python3 (found version "3.10.12") found components: Interpreter 
[0.392s] -- Found ament_lint_auto: 0.12.11 (/opt/ros/humble/share/ament_lint_auto/cmake)
[0.438s] -- Added test 'cppcheck' to perform static code analysis on C / C++ code
[0.438s] -- Configured cppcheck include dirs: 
[0.438s] -- Configured cppcheck exclude dirs and/or files: 
[0.439s] -- Added test 'lint_cmake' to check CMake code style
[0.441s] -- Added test 'uncrustify' to check C / C++ code style
[0.441s] -- Configured uncrustify additional arguments: 
[0.442s] -- Added test 'xmllint' to check XML markup files
[0.442s] -- Configuring done
[0.444s] -- Generating done
[0.445s] -- Build files have been written to: /home/tan/mrt/urdf_ws/src/three_wheeled_robot/build/three_wheeled_robot
[0.448s] Invoked command in '/home/tan/mrt/urdf_ws/src/three_wheeled_robot/build/three_wheeled_robot' returned '0': CMAKE_PREFIX_PATH=${CMAKE_PREFIX_PATH}:/home/tan/mrt/mrt_ws/install/week0_tutorials:/home/tan/mrt/mrt_ws/install/sauron:/home/tan/mrt/mrt_ws/install/aruco_detection:/opt/ros/humble /usr/bin/cmake /home/tan/mrt/urdf_ws/src/three_wheeled_robot -DCMAKE_INSTALL_PREFIX=/home/tan/mrt/urdf_ws/src/three_wheeled_robot/install/three_wheeled_robot
[0.448s] Invoking command in '/home/tan/mrt/urdf_ws/src/three_wheeled_robot/build/three_wheeled_robot': CMAKE_PREFIX_PATH=${CMAKE_PREFIX_PATH}:/home/tan/mrt/mrt_ws/install/week0_tutorials:/home/tan/mrt/mrt_ws/install/sauron:/home/tan/mrt/mrt_ws/install/aruco_detection:/opt/ros/humble /usr/bin/cmake --build /home/tan/mrt/urdf_ws/src/three_wheeled_robot/build/three_wheeled_robot -- -j12 -l12
[0.480s] Invoked command in '/home/tan/mrt/urdf_ws/src/three_wheeled_robot/build/three_wheeled_robot' returned '0': CMAKE_PREFIX_PATH=${CMAKE_PREFIX_PATH}:/home/tan/mrt/mrt_ws/install/week0_tutorials:/home/tan/mrt/mrt_ws/install/sauron:/home/tan/mrt/mrt_ws/install/aruco_detection:/opt/ros/humble /usr/bin/cmake --build /home/tan/mrt/urdf_ws/src/three_wheeled_robot/build/three_wheeled_robot -- -j12 -l12
[0.489s] Invoking command in '/home/tan/mrt/urdf_ws/src/three_wheeled_robot/build/three_wheeled_robot': CMAKE_PREFIX_PATH=${CMAKE_PREFIX_PATH}:/home/tan/mrt/mrt_ws/install/week0_tutorials:/home/tan/mrt/mrt_ws/install/sauron:/home/tan/mrt/mrt_ws/install/aruco_detection:/opt/ros/humble /usr/bin/cmake --install /home/tan/mrt/urdf_ws/src/three_wheeled_robot/build/three_wheeled_robot
[0.495s] -- Install configuration: ""
[0.495s] -- Installing: /home/tan/mrt/urdf_ws/src/three_wheeled_robot/install/three_wheeled_robot/share/ament_index/resource_index/package_run_dependencies/three_wheeled_robot
[0.495s] -- Installing: /home/tan/mrt/urdf_ws/src/three_wheeled_robot/install/three_wheeled_robot/share/ament_index/resource_index/parent_prefix_path/three_wheeled_robot
[0.495s] -- Installing: /home/tan/mrt/urdf_ws/src/three_wheeled_robot/install/three_wheeled_robot/share/three_wheeled_robot/environment/ament_prefix_path.sh
[0.495s] -- Installing: /home/tan/mrt/urdf_ws/src/three_wheeled_robot/install/three_wheeled_robot/share/three_wheeled_robot/environment/ament_prefix_path.dsv
[0.495s] -- Installing: /home/tan/mrt/urdf_ws/src/three_wheeled_robot/install/three_wheeled_robot/share/three_wheeled_robot/environment/path.sh
[0.495s] -- Installing: /home/tan/mrt/urdf_ws/src/three_wheeled_robot/install/three_wheeled_robot/share/three_wheeled_robot/environment/path.dsv
[0.496s] -- Installing: /home/tan/mrt/urdf_ws/src/three_wheeled_robot/install/three_wheeled_robot/share/three_wheeled_robot/local_setup.bash
[0.496s] -- Installing: /home/tan/mrt/urdf_ws/src/three_wheeled_robot/install/three_wheeled_robot/share/three_wheeled_robot/local_setup.sh
[0.496s] -- Installing: /home/tan/mrt/urdf_ws/src/three_wheeled_robot/install/three_wheeled_robot/share/three_wheeled_robot/local_setup.zsh
[0.496s] -- Installing: /home/tan/mrt/urdf_ws/src/three_wheeled_robot/install/three_wheeled_robot/share/three_wheeled_robot/local_setup.dsv
[0.496s] -- Installing: /home/tan/mrt/urdf_ws/src/three_wheeled_robot/install/three_wheeled_robot/share/three_wheeled_robot/package.dsv
[0.496s] -- Installing: /home/tan/mrt/urdf_ws/src/three_wheeled_robot/install/three_wheeled_robot/share/ament_index/resource_index/packages/three_wheeled_robot
[0.496s] -- Installing: /home/tan/mrt/urdf_ws/src/three_wheeled_robot/install/three_wheeled_robot/share/three_wheeled_robot/cmake/three_wheeled_robotConfig.cmake
[0.496s] -- Installing: /home/tan/mrt/urdf_ws/src/three_wheeled_robot/install/three_wheeled_robot/share/three_wheeled_robot/cmake/three_wheeled_robotConfig-version.cmake
[0.496s] -- Installing: /home/tan/mrt/urdf_ws/src/three_wheeled_robot/install/three_wheeled_robot/share/three_wheeled_robot/package.xml
[0.497s] Invoked command in '/home/tan/mrt/urdf_ws/src/three_wheeled_robot/build/three_wheeled_robot' returned '0': CMAKE_PREFIX_PATH=${CMAKE_PREFIX_PATH}:/home/tan/mrt/mrt_ws/install/week0_tutorials:/home/tan/mrt/mrt_ws/install/sauron:/home/tan/mrt/mrt_ws/install/aruco_detection:/opt/ros/humble /usr/bin/cmake --install /home/tan/mrt/urdf_ws/src/three_wheeled_robot/build/three_wheeled_robot
