[0.006s] Invoking command in '/home/tan/mrt/urdf_ws/src/build/three_wheeled_robot': CMAKE_PREFIX_PATH=${CMAKE_PREFIX_PATH}:/home/tan/mrt/mrt_ws/install/week0_tutorials:/home/tan/mrt/mrt_ws/install/sauron:/home/tan/mrt/mrt_ws/install/aruco_detection:/opt/ros/humble /usr/bin/cmake /home/tan/mrt/urdf_ws/src/three_wheeled_robot -DCMAKE_INSTALL_PREFIX=/home/tan/mrt/urdf_ws/src/install/three_wheeled_robot
[0.053s] -- The C compiler identification is GNU 11.4.0
[0.092s] -- The CXX compiler identification is GNU 11.4.0
[0.097s] -- Detecting C compiler ABI info
[0.156s] -- Detecting C compiler ABI info - done
[0.161s] -- Check for working C compiler: /usr/bin/cc - skipped
[0.161s] -- Detecting C compile features
[0.161s] -- Detecting C compile features - done
[0.163s] -- Detecting CXX compiler ABI info
[0.218s] -- Detecting CXX compiler ABI info - done
[0.222s] -- Check for working CXX compiler: /usr/bin/c++ - skipped
[0.223s] -- Detecting CXX compile features
[0.223s] -- Detecting CXX compile features - done
[0.224s] -- Found ament_cmake: 1.3.11 (/opt/ros/humble/share/ament_cmake/cmake)
[0.332s] -- Found Python3: /usr/bin/python3 (found version "3.10.12") found components: Interpreter 
[0.386s] -- Found ament_lint_auto: 0.12.11 (/opt/ros/humble/share/ament_lint_auto/cmake)
[0.436s] -- Added test 'cppcheck' to perform static code analysis on C / C++ code
[0.436s] -- Configured cppcheck include dirs: 
[0.436s] -- Configured cppcheck exclude dirs and/or files: 
[0.437s] -- Added test 'flake8' to check Python code syntax and style conventions
[0.438s] -- Added test 'lint_cmake' to check CMake code style
[0.438s] -- Added test 'pep257' to check Python code against some of the docstring style conventions in PEP 257
[0.442s] -- Added test 'uncrustify' to check C / C++ code style
[0.442s] -- Configured uncrustify additional arguments: 
[0.442s] -- Added test 'xmllint' to check XML markup files
[0.443s] -- Configuring done
[0.444s] -- Generating done
[0.445s] -- Build files have been written to: /home/tan/mrt/urdf_ws/src/build/three_wheeled_robot
[0.448s] Invoked command in '/home/tan/mrt/urdf_ws/src/build/three_wheeled_robot' returned '0': CMAKE_PREFIX_PATH=${CMAKE_PREFIX_PATH}:/home/tan/mrt/mrt_ws/install/week0_tutorials:/home/tan/mrt/mrt_ws/install/sauron:/home/tan/mrt/mrt_ws/install/aruco_detection:/opt/ros/humble /usr/bin/cmake /home/tan/mrt/urdf_ws/src/three_wheeled_robot -DCMAKE_INSTALL_PREFIX=/home/tan/mrt/urdf_ws/src/install/three_wheeled_robot
[0.449s] Invoking command in '/home/tan/mrt/urdf_ws/src/build/three_wheeled_robot': CMAKE_PREFIX_PATH=${CMAKE_PREFIX_PATH}:/home/tan/mrt/mrt_ws/install/week0_tutorials:/home/tan/mrt/mrt_ws/install/sauron:/home/tan/mrt/mrt_ws/install/aruco_detection:/opt/ros/humble /usr/bin/cmake --build /home/tan/mrt/urdf_ws/src/build/three_wheeled_robot -- -j12 -l12
[0.477s] Invoked command in '/home/tan/mrt/urdf_ws/src/build/three_wheeled_robot' returned '0': CMAKE_PREFIX_PATH=${CMAKE_PREFIX_PATH}:/home/tan/mrt/mrt_ws/install/week0_tutorials:/home/tan/mrt/mrt_ws/install/sauron:/home/tan/mrt/mrt_ws/install/aruco_detection:/opt/ros/humble /usr/bin/cmake --build /home/tan/mrt/urdf_ws/src/build/three_wheeled_robot -- -j12 -l12
[0.485s] Invoking command in '/home/tan/mrt/urdf_ws/src/build/three_wheeled_robot': CMAKE_PREFIX_PATH=${CMAKE_PREFIX_PATH}:/home/tan/mrt/mrt_ws/install/week0_tutorials:/home/tan/mrt/mrt_ws/install/sauron:/home/tan/mrt/mrt_ws/install/aruco_detection:/opt/ros/humble /usr/bin/cmake --install /home/tan/mrt/urdf_ws/src/build/three_wheeled_robot
[0.490s] -- Install configuration: ""
[0.490s] -- Installing: /home/tan/mrt/urdf_ws/src/install/three_wheeled_robot/share/three_wheeled_robot/urdf
[0.490s] -- Installing: /home/tan/mrt/urdf_ws/src/install/three_wheeled_robot/share/three_wheeled_robot/urdf/my_robot.urdf
[0.490s] -- Installing: /home/tan/mrt/urdf_ws/src/install/three_wheeled_robot/share/ament_index/resource_index/package_run_dependencies/three_wheeled_robot
[0.490s] -- Installing: /home/tan/mrt/urdf_ws/src/install/three_wheeled_robot/share/ament_index/resource_index/parent_prefix_path/three_wheeled_robot
[0.490s] -- Installing: /home/tan/mrt/urdf_ws/src/install/three_wheeled_robot/share/three_wheeled_robot/environment/ament_prefix_path.sh
[0.490s] -- Installing: /home/tan/mrt/urdf_ws/src/install/three_wheeled_robot/share/three_wheeled_robot/environment/ament_prefix_path.dsv
[0.490s] -- Installing: /home/tan/mrt/urdf_ws/src/install/three_wheeled_robot/share/three_wheeled_robot/environment/path.sh
[0.491s] -- Installing: /home/tan/mrt/urdf_ws/src/install/three_wheeled_robot/share/three_wheeled_robot/environment/path.dsv
[0.491s] -- Installing: /home/tan/mrt/urdf_ws/src/install/three_wheeled_robot/share/three_wheeled_robot/local_setup.bash
[0.491s] -- Installing: /home/tan/mrt/urdf_ws/src/install/three_wheeled_robot/share/three_wheeled_robot/local_setup.sh
[0.491s] -- Installing: /home/tan/mrt/urdf_ws/src/install/three_wheeled_robot/share/three_wheeled_robot/local_setup.zsh
[0.491s] -- Installing: /home/tan/mrt/urdf_ws/src/install/three_wheeled_robot/share/three_wheeled_robot/local_setup.dsv
[0.491s] -- Installing: /home/tan/mrt/urdf_ws/src/install/three_wheeled_robot/share/three_wheeled_robot/package.dsv
[0.491s] -- Installing: /home/tan/mrt/urdf_ws/src/install/three_wheeled_robot/share/ament_index/resource_index/packages/three_wheeled_robot
[0.491s] -- Installing: /home/tan/mrt/urdf_ws/src/install/three_wheeled_robot/share/three_wheeled_robot/cmake/three_wheeled_robotConfig.cmake
[0.491s] -- Installing: /home/tan/mrt/urdf_ws/src/install/three_wheeled_robot/share/three_wheeled_robot/cmake/three_wheeled_robotConfig-version.cmake
[0.491s] -- Installing: /home/tan/mrt/urdf_ws/src/install/three_wheeled_robot/share/three_wheeled_robot/package.xml
[0.492s] Invoked command in '/home/tan/mrt/urdf_ws/src/build/three_wheeled_robot' returned '0': CMAKE_PREFIX_PATH=${CMAKE_PREFIX_PATH}:/home/tan/mrt/mrt_ws/install/week0_tutorials:/home/tan/mrt/mrt_ws/install/sauron:/home/tan/mrt/mrt_ws/install/aruco_detection:/opt/ros/humble /usr/bin/cmake --install /home/tan/mrt/urdf_ws/src/build/three_wheeled_robot
