[0.007s] Invoking command in '/home/tan/mrt/urdf_ws/build/three_wheeled_robot': CMAKE_PREFIX_PATH=${CMAKE_PREFIX_PATH}:/home/tan/mrt/mrt_ws/install/week0_tutorials:/home/tan/mrt/mrt_ws/install/sauron:/home/tan/mrt/mrt_ws/install/aruco_detection:/opt/ros/humble /usr/bin/cmake --build /home/tan/mrt/urdf_ws/build/three_wheeled_robot -- -j12 -l12
[0.023s] -- Found ament_cmake: 1.3.11 (/opt/ros/humble/share/ament_cmake/cmake)
[0.100s] -- Found ament_lint_auto: 0.12.11 (/opt/ros/humble/share/ament_lint_auto/cmake)
[0.144s] -- Added test 'cppcheck' to perform static code analysis on C / C++ code
[0.144s] -- Configured cppcheck include dirs: 
[0.144s] -- Configured cppcheck exclude dirs and/or files: 
[0.144s] -- Added test 'flake8' to check Python code syntax and style conventions
[0.145s] -- Added test 'lint_cmake' to check CMake code style
[0.145s] -- Added test 'pep257' to check Python code against some of the docstring style conventions in PEP 257
[0.149s] -- Added test 'uncrustify' to check C / C++ code style
[0.149s] -- Configured uncrustify additional arguments: 
[0.149s] -- Added test 'xmllint' to check XML markup files
[0.149s] -- Configuring done
[0.151s] -- Generating done
[0.151s] -- Build files have been written to: /home/tan/mrt/urdf_ws/build/three_wheeled_robot
[0.165s] Invoked command in '/home/tan/mrt/urdf_ws/build/three_wheeled_robot' returned '0': CMAKE_PREFIX_PATH=${CMAKE_PREFIX_PATH}:/home/tan/mrt/mrt_ws/install/week0_tutorials:/home/tan/mrt/mrt_ws/install/sauron:/home/tan/mrt/mrt_ws/install/aruco_detection:/opt/ros/humble /usr/bin/cmake --build /home/tan/mrt/urdf_ws/build/three_wheeled_robot -- -j12 -l12
[0.174s] Invoking command in '/home/tan/mrt/urdf_ws/build/three_wheeled_robot': CMAKE_PREFIX_PATH=${CMAKE_PREFIX_PATH}:/home/tan/mrt/mrt_ws/install/week0_tutorials:/home/tan/mrt/mrt_ws/install/sauron:/home/tan/mrt/mrt_ws/install/aruco_detection:/opt/ros/humble /usr/bin/cmake --install /home/tan/mrt/urdf_ws/build/three_wheeled_robot
[0.179s] -- Install configuration: ""
[0.179s] -- Up-to-date: /home/tan/mrt/urdf_ws/install/three_wheeled_robot/share/three_wheeled_robot/urdf
[0.179s] -- Up-to-date: /home/tan/mrt/urdf_ws/install/three_wheeled_robot/share/three_wheeled_robot/urdf/my_robot.urdf
[0.179s] -- Installing: /home/tan/mrt/urdf_ws/install/three_wheeled_robot/share/three_wheeled_robot/launch
[0.180s] -- Installing: /home/tan/mrt/urdf_ws/install/three_wheeled_robot/share/three_wheeled_robot/launch/urdf_display.launch.py
[0.180s] -- Up-to-date: /home/tan/mrt/urdf_ws/install/three_wheeled_robot/share/ament_index/resource_index/package_run_dependencies/three_wheeled_robot
[0.180s] -- Up-to-date: /home/tan/mrt/urdf_ws/install/three_wheeled_robot/share/ament_index/resource_index/parent_prefix_path/three_wheeled_robot
[0.180s] -- Up-to-date: /home/tan/mrt/urdf_ws/install/three_wheeled_robot/share/three_wheeled_robot/environment/ament_prefix_path.sh
[0.180s] -- Installing: /home/tan/mrt/urdf_ws/install/three_wheeled_robot/share/three_wheeled_robot/environment/ament_prefix_path.dsv
[0.180s] -- Up-to-date: /home/tan/mrt/urdf_ws/install/three_wheeled_robot/share/three_wheeled_robot/environment/path.sh
[0.180s] -- Installing: /home/tan/mrt/urdf_ws/install/three_wheeled_robot/share/three_wheeled_robot/environment/path.dsv
[0.180s] -- Up-to-date: /home/tan/mrt/urdf_ws/install/three_wheeled_robot/share/three_wheeled_robot/local_setup.bash
[0.180s] -- Up-to-date: /home/tan/mrt/urdf_ws/install/three_wheeled_robot/share/three_wheeled_robot/local_setup.sh
[0.181s] -- Up-to-date: /home/tan/mrt/urdf_ws/install/three_wheeled_robot/share/three_wheeled_robot/local_setup.zsh
[0.181s] -- Installing: /home/tan/mrt/urdf_ws/install/three_wheeled_robot/share/three_wheeled_robot/local_setup.dsv
[0.181s] -- Installing: /home/tan/mrt/urdf_ws/install/three_wheeled_robot/share/three_wheeled_robot/package.dsv
[0.181s] -- Up-to-date: /home/tan/mrt/urdf_ws/install/three_wheeled_robot/share/ament_index/resource_index/packages/three_wheeled_robot
[0.181s] -- Up-to-date: /home/tan/mrt/urdf_ws/install/three_wheeled_robot/share/three_wheeled_robot/cmake/three_wheeled_robotConfig.cmake
[0.181s] -- Up-to-date: /home/tan/mrt/urdf_ws/install/three_wheeled_robot/share/three_wheeled_robot/cmake/three_wheeled_robotConfig-version.cmake
[0.181s] -- Up-to-date: /home/tan/mrt/urdf_ws/install/three_wheeled_robot/share/three_wheeled_robot/package.xml
[0.182s] Invoked command in '/home/tan/mrt/urdf_ws/build/three_wheeled_robot' returned '0': CMAKE_PREFIX_PATH=${CMAKE_PREFIX_PATH}:/home/tan/mrt/mrt_ws/install/week0_tutorials:/home/tan/mrt/mrt_ws/install/sauron:/home/tan/mrt/mrt_ws/install/aruco_detection:/opt/ros/humble /usr/bin/cmake --install /home/tan/mrt/urdf_ws/build/three_wheeled_robot
