[0.058s] DEBUG:colcon:Command line arguments: ['/usr/bin/colcon', 'build']
[0.059s] DEBUG:colcon:Parsed command line arguments: Namespace(log_base=None, log_level=None, verb_name='build', build_base='build', install_base='install', merge_install=False, symlink_install=False, test_result_base=None, continue_on_error=False, executor='parallel', parallel_workers=12, event_handlers=None, ignore_user_meta=False, metas=['./colcon.meta'], base_paths=['.'], packages_ignore=None, packages_ignore_regex=None, paths=None, packages_up_to=None, packages_up_to_regex=None, packages_above=None, packages_above_and_dependencies=None, packages_above_depth=None, packages_select_by_dep=None, packages_skip_by_dep=None, packages_skip_up_to=None, packages_select_build_failed=False, packages_skip_build_finished=False, packages_select_test_failures=False, packages_skip_test_passed=False, packages_select=None, packages_skip=None, packages_select_regex=None, packages_skip_regex=None, packages_start=None, packages_end=None, allow_overriding=[], cmake_args=None, cmake_target=None, cmake_target_skip_unavailable=False, cmake_clean_cache=False, cmake_clean_first=False, cmake_force_configure=False, ament_cmake_args=None, catkin_cmake_args=None, catkin_skip_building_tests=False, mixin_files=None, mixin=None, verb_parser=<colcon_mixin.mixin.mixin_argument.MixinArgumentDecorator object at 0x7067ee7744f0>, verb_extension=<colcon_core.verb.build.BuildVerb object at 0x7067ee743eb0>, main=<bound method BuildVerb.main of <colcon_core.verb.build.BuildVerb object at 0x7067ee743eb0>>, mixin_verb=('build',))
[0.148s] Level 1:colcon.colcon_core.package_discovery:discover_packages(colcon_meta) check parameters
[0.148s] Level 1:colcon.colcon_core.package_discovery:discover_packages(recursive) check parameters
[0.148s] Level 1:colcon.colcon_core.package_discovery:discover_packages(ignore) check parameters
[0.148s] Level 1:colcon.colcon_core.package_discovery:discover_packages(path) check parameters
[0.148s] Level 1:colcon.colcon_core.package_discovery:discover_packages(colcon_meta) discover
[0.148s] Level 1:colcon.colcon_core.package_discovery:discover_packages(recursive) discover
[0.148s] INFO:colcon.colcon_core.package_discovery:Crawling recursively for packages in '/home/tan/mrt/urdf_ws/src'
[0.148s] Level 1:colcon.colcon_core.package_identification:_identify(.) by extensions ['ignore', 'ignore_ament_install']
[0.148s] Level 1:colcon.colcon_core.package_identification:_identify(.) by extension 'ignore'
[0.148s] Level 1:colcon.colcon_core.package_identification:_identify(.) by extension 'ignore_ament_install'
[0.148s] Level 1:colcon.colcon_core.package_identification:_identify(.) by extensions ['colcon_pkg']
[0.148s] Level 1:colcon.colcon_core.package_identification:_identify(.) by extension 'colcon_pkg'
[0.148s] Level 1:colcon.colcon_core.package_identification:_identify(.) by extensions ['colcon_meta']
[0.148s] Level 1:colcon.colcon_core.package_identification:_identify(.) by extension 'colcon_meta'
[0.148s] Level 1:colcon.colcon_core.package_identification:_identify(.) by extensions ['ros']
[0.148s] Level 1:colcon.colcon_core.package_identification:_identify(.) by extension 'ros'
[0.154s] Level 1:colcon.colcon_core.package_identification:_identify(.) by extensions ['cmake', 'python']
[0.154s] Level 1:colcon.colcon_core.package_identification:_identify(.) by extension 'cmake'
[0.154s] Level 1:colcon.colcon_core.package_identification:_identify(.) by extension 'python'
[0.154s] Level 1:colcon.colcon_core.package_identification:_identify(.) by extensions ['python_setup_py']
[0.154s] Level 1:colcon.colcon_core.package_identification:_identify(.) by extension 'python_setup_py'
[0.154s] Level 1:colcon.colcon_core.package_identification:_identify(build) by extensions ['ignore', 'ignore_ament_install']
[0.154s] Level 1:colcon.colcon_core.package_identification:_identify(build) by extension 'ignore'
[0.154s] Level 1:colcon.colcon_core.package_identification:_identify(build) ignored
[0.154s] Level 1:colcon.colcon_core.package_identification:_identify(install) by extensions ['ignore', 'ignore_ament_install']
[0.154s] Level 1:colcon.colcon_core.package_identification:_identify(install) by extension 'ignore'
[0.154s] Level 1:colcon.colcon_core.package_identification:_identify(install) ignored
[0.154s] Level 1:colcon.colcon_core.package_identification:_identify(log) by extensions ['ignore', 'ignore_ament_install']
[0.154s] Level 1:colcon.colcon_core.package_identification:_identify(log) by extension 'ignore'
[0.154s] Level 1:colcon.colcon_core.package_identification:_identify(log) ignored
[0.154s] Level 1:colcon.colcon_core.package_identification:_identify(three_wheeled_robot) by extensions ['ignore', 'ignore_ament_install']
[0.155s] Level 1:colcon.colcon_core.package_identification:_identify(three_wheeled_robot) by extension 'ignore'
[0.155s] Level 1:colcon.colcon_core.package_identification:_identify(three_wheeled_robot) by extension 'ignore_ament_install'
[0.155s] Level 1:colcon.colcon_core.package_identification:_identify(three_wheeled_robot) by extensions ['colcon_pkg']
[0.155s] Level 1:colcon.colcon_core.package_identification:_identify(three_wheeled_robot) by extension 'colcon_pkg'
[0.155s] Level 1:colcon.colcon_core.package_identification:_identify(three_wheeled_robot) by extensions ['colcon_meta']
[0.155s] Level 1:colcon.colcon_core.package_identification:_identify(three_wheeled_robot) by extension 'colcon_meta'
[0.155s] Level 1:colcon.colcon_core.package_identification:_identify(three_wheeled_robot) by extensions ['ros']
[0.155s] Level 1:colcon.colcon_core.package_identification:_identify(three_wheeled_robot) by extension 'ros'
[0.156s] DEBUG:colcon.colcon_core.package_identification:Package 'three_wheeled_robot' with type 'ros.ament_cmake' and name 'three_wheeled_robot'
[0.156s] Level 1:colcon.colcon_core.package_discovery:discover_packages(recursive) using defaults
[0.156s] Level 1:colcon.colcon_core.package_discovery:discover_packages(ignore) discover
[0.156s] Level 1:colcon.colcon_core.package_discovery:discover_packages(ignore) using defaults
[0.156s] Level 1:colcon.colcon_core.package_discovery:discover_packages(path) discover
[0.156s] Level 1:colcon.colcon_core.package_discovery:discover_packages(path) using defaults
[0.173s] Level 1:colcon.colcon_core.package_discovery:discover_packages(prefix_path) check parameters
[0.173s] Level 1:colcon.colcon_core.package_discovery:discover_packages(prefix_path) discover
[0.174s] DEBUG:colcon.colcon_installed_package_information.package_discovery:Found 1 installed packages in /home/tan/mrt/urdf_ws/src/install
[0.174s] DEBUG:colcon.colcon_installed_package_information.package_discovery:Found 5 installed packages in /home/tan/mrt/mrt_ws/install
[0.175s] DEBUG:colcon.colcon_installed_package_information.package_discovery:Found 332 installed packages in /opt/ros/humble
[0.175s] Level 1:colcon.colcon_core.package_discovery:discover_packages(prefix_path) using defaults
[0.196s] Level 5:colcon.colcon_core.verb:set package 'three_wheeled_robot' build argument 'cmake_args' from command line to 'None'
[0.196s] Level 5:colcon.colcon_core.verb:set package 'three_wheeled_robot' build argument 'cmake_target' from command line to 'None'
[0.196s] Level 5:colcon.colcon_core.verb:set package 'three_wheeled_robot' build argument 'cmake_target_skip_unavailable' from command line to 'False'
[0.196s] Level 5:colcon.colcon_core.verb:set package 'three_wheeled_robot' build argument 'cmake_clean_cache' from command line to 'False'
[0.196s] Level 5:colcon.colcon_core.verb:set package 'three_wheeled_robot' build argument 'cmake_clean_first' from command line to 'False'
[0.196s] Level 5:colcon.colcon_core.verb:set package 'three_wheeled_robot' build argument 'cmake_force_configure' from command line to 'False'
[0.196s] Level 5:colcon.colcon_core.verb:set package 'three_wheeled_robot' build argument 'ament_cmake_args' from command line to 'None'
[0.196s] Level 5:colcon.colcon_core.verb:set package 'three_wheeled_robot' build argument 'catkin_cmake_args' from command line to 'None'
[0.196s] Level 5:colcon.colcon_core.verb:set package 'three_wheeled_robot' build argument 'catkin_skip_building_tests' from command line to 'False'
[0.196s] DEBUG:colcon.colcon_core.verb:Building package 'three_wheeled_robot' with the following arguments: {'ament_cmake_args': None, 'build_base': '/home/tan/mrt/urdf_ws/src/build/three_wheeled_robot', 'catkin_cmake_args': None, 'catkin_skip_building_tests': False, 'cmake_args': None, 'cmake_clean_cache': False, 'cmake_clean_first': False, 'cmake_force_configure': False, 'cmake_target': None, 'cmake_target_skip_unavailable': False, 'install_base': '/home/tan/mrt/urdf_ws/src/install/three_wheeled_robot', 'merge_install': False, 'path': '/home/tan/mrt/urdf_ws/src/three_wheeled_robot', 'symlink_install': False, 'test_result_base': None}
[0.197s] INFO:colcon.colcon_core.executor:Executing jobs using 'parallel' executor
[0.197s] DEBUG:colcon.colcon_parallel_executor.executor.parallel:run_until_complete
[0.197s] INFO:colcon.colcon_ros.task.ament_cmake.build:Building ROS package in '/home/tan/mrt/urdf_ws/src/three_wheeled_robot' with build type 'ament_cmake'
[0.198s] INFO:colcon.colcon_cmake.task.cmake.build:Building CMake package in '/home/tan/mrt/urdf_ws/src/three_wheeled_robot'
[0.199s] INFO:colcon.colcon_core.plugin_system:Skipping extension 'colcon_core.shell.bat': Not used on non-Windows systems
[0.199s] INFO:colcon.colcon_core.shell:Skip shell extension 'powershell' for command environment: Not usable outside of PowerShell
[0.199s] DEBUG:colcon.colcon_core.shell:Skip shell extension 'dsv' for command environment
[0.205s] DEBUG:colcon.colcon_core.event_handler.log_command:Invoking command in '/home/tan/mrt/urdf_ws/src/build/three_wheeled_robot': CMAKE_PREFIX_PATH=${CMAKE_PREFIX_PATH}:/home/tan/mrt/mrt_ws/install/week0_tutorials:/home/tan/mrt/mrt_ws/install/sauron:/home/tan/mrt/mrt_ws/install/aruco_detection:/opt/ros/humble /usr/bin/cmake --build /home/tan/mrt/urdf_ws/src/build/three_wheeled_robot -- -j12 -l12
[0.235s] DEBUG:colcon.colcon_core.event_handler.log_command:Invoked command in '/home/tan/mrt/urdf_ws/src/build/three_wheeled_robot' returned '0': CMAKE_PREFIX_PATH=${CMAKE_PREFIX_PATH}:/home/tan/mrt/mrt_ws/install/week0_tutorials:/home/tan/mrt/mrt_ws/install/sauron:/home/tan/mrt/mrt_ws/install/aruco_detection:/opt/ros/humble /usr/bin/cmake --build /home/tan/mrt/urdf_ws/src/build/three_wheeled_robot -- -j12 -l12
[0.241s] DEBUG:colcon.colcon_core.event_handler.log_command:Invoking command in '/home/tan/mrt/urdf_ws/src/build/three_wheeled_robot': CMAKE_PREFIX_PATH=${CMAKE_PREFIX_PATH}:/home/tan/mrt/mrt_ws/install/week0_tutorials:/home/tan/mrt/mrt_ws/install/sauron:/home/tan/mrt/mrt_ws/install/aruco_detection:/opt/ros/humble /usr/bin/cmake --install /home/tan/mrt/urdf_ws/src/build/three_wheeled_robot
[0.247s] Level 1:colcon.colcon_core.environment:create_environment_scripts_only(three_wheeled_robot)
[0.247s] DEBUG:colcon.colcon_core.event_handler.log_command:Invoked command in '/home/tan/mrt/urdf_ws/src/build/three_wheeled_robot' returned '0': CMAKE_PREFIX_PATH=${CMAKE_PREFIX_PATH}:/home/tan/mrt/mrt_ws/install/week0_tutorials:/home/tan/mrt/mrt_ws/install/sauron:/home/tan/mrt/mrt_ws/install/aruco_detection:/opt/ros/humble /usr/bin/cmake --install /home/tan/mrt/urdf_ws/src/build/three_wheeled_robot
[0.248s] Level 1:colcon.colcon_core.environment:checking '/home/tan/mrt/urdf_ws/src/install/three_wheeled_robot' for CMake module files
[0.248s] Level 1:colcon.colcon_core.environment:checking '/home/tan/mrt/urdf_ws/src/install/three_wheeled_robot' for CMake config files
[0.248s] Level 1:colcon.colcon_core.shell:create_environment_hook('three_wheeled_robot', 'cmake_prefix_path')
[0.249s] INFO:colcon.colcon_core.shell:Creating environment hook '/home/tan/mrt/urdf_ws/src/install/three_wheeled_robot/share/three_wheeled_robot/hook/cmake_prefix_path.ps1'
[0.249s] INFO:colcon.colcon_core.shell:Creating environment descriptor '/home/tan/mrt/urdf_ws/src/install/three_wheeled_robot/share/three_wheeled_robot/hook/cmake_prefix_path.dsv'
[0.249s] INFO:colcon.colcon_core.shell:Creating environment hook '/home/tan/mrt/urdf_ws/src/install/three_wheeled_robot/share/three_wheeled_robot/hook/cmake_prefix_path.sh'
[0.250s] Level 1:colcon.colcon_core.environment:checking '/home/tan/mrt/urdf_ws/src/install/three_wheeled_robot/bin'
[0.250s] Level 1:colcon.colcon_core.environment:checking '/home/tan/mrt/urdf_ws/src/install/three_wheeled_robot/lib/pkgconfig/three_wheeled_robot.pc'
[0.250s] Level 1:colcon.colcon_core.environment:checking '/home/tan/mrt/urdf_ws/src/install/three_wheeled_robot/lib/python3.10/site-packages'
[0.250s] Level 1:colcon.colcon_core.environment:checking '/home/tan/mrt/urdf_ws/src/install/three_wheeled_robot/bin'
[0.250s] INFO:colcon.colcon_core.shell:Creating package script '/home/tan/mrt/urdf_ws/src/install/three_wheeled_robot/share/three_wheeled_robot/package.ps1'
[0.251s] INFO:colcon.colcon_core.shell:Creating package descriptor '/home/tan/mrt/urdf_ws/src/install/three_wheeled_robot/share/three_wheeled_robot/package.dsv'
[0.251s] INFO:colcon.colcon_core.shell:Creating package script '/home/tan/mrt/urdf_ws/src/install/three_wheeled_robot/share/three_wheeled_robot/package.sh'
[0.251s] INFO:colcon.colcon_core.shell:Creating package script '/home/tan/mrt/urdf_ws/src/install/three_wheeled_robot/share/three_wheeled_robot/package.bash'
[0.252s] INFO:colcon.colcon_core.shell:Creating package script '/home/tan/mrt/urdf_ws/src/install/three_wheeled_robot/share/three_wheeled_robot/package.zsh'
[0.252s] Level 1:colcon.colcon_core.environment:create_file_with_runtime_dependencies(/home/tan/mrt/urdf_ws/src/install/three_wheeled_robot/share/colcon-core/packages/three_wheeled_robot)
[0.252s] Level 1:colcon.colcon_core.environment:create_environment_scripts_only(three_wheeled_robot)
[0.252s] Level 1:colcon.colcon_core.environment:checking '/home/tan/mrt/urdf_ws/src/install/three_wheeled_robot' for CMake module files
[0.253s] Level 1:colcon.colcon_core.environment:checking '/home/tan/mrt/urdf_ws/src/install/three_wheeled_robot' for CMake config files
[0.253s] Level 1:colcon.colcon_core.shell:create_environment_hook('three_wheeled_robot', 'cmake_prefix_path')
[0.253s] INFO:colcon.colcon_core.shell:Creating environment hook '/home/tan/mrt/urdf_ws/src/install/three_wheeled_robot/share/three_wheeled_robot/hook/cmake_prefix_path.ps1'
[0.253s] INFO:colcon.colcon_core.shell:Creating environment descriptor '/home/tan/mrt/urdf_ws/src/install/three_wheeled_robot/share/three_wheeled_robot/hook/cmake_prefix_path.dsv'
[0.253s] INFO:colcon.colcon_core.shell:Creating environment hook '/home/tan/mrt/urdf_ws/src/install/three_wheeled_robot/share/three_wheeled_robot/hook/cmake_prefix_path.sh'
[0.253s] Level 1:colcon.colcon_core.environment:checking '/home/tan/mrt/urdf_ws/src/install/three_wheeled_robot/bin'
[0.253s] Level 1:colcon.colcon_core.environment:checking '/home/tan/mrt/urdf_ws/src/install/three_wheeled_robot/lib/pkgconfig/three_wheeled_robot.pc'
[0.254s] Level 1:colcon.colcon_core.environment:checking '/home/tan/mrt/urdf_ws/src/install/three_wheeled_robot/lib/python3.10/site-packages'
[0.254s] Level 1:colcon.colcon_core.environment:checking '/home/tan/mrt/urdf_ws/src/install/three_wheeled_robot/bin'
[0.254s] INFO:colcon.colcon_core.shell:Creating package script '/home/tan/mrt/urdf_ws/src/install/three_wheeled_robot/share/three_wheeled_robot/package.ps1'
[0.254s] INFO:colcon.colcon_core.shell:Creating package descriptor '/home/tan/mrt/urdf_ws/src/install/three_wheeled_robot/share/three_wheeled_robot/package.dsv'
[0.254s] INFO:colcon.colcon_core.shell:Creating package script '/home/tan/mrt/urdf_ws/src/install/three_wheeled_robot/share/three_wheeled_robot/package.sh'
[0.255s] INFO:colcon.colcon_core.shell:Creating package script '/home/tan/mrt/urdf_ws/src/install/three_wheeled_robot/share/three_wheeled_robot/package.bash'
[0.255s] INFO:colcon.colcon_core.shell:Creating package script '/home/tan/mrt/urdf_ws/src/install/three_wheeled_robot/share/three_wheeled_robot/package.zsh'
[0.255s] Level 1:colcon.colcon_core.environment:create_file_with_runtime_dependencies(/home/tan/mrt/urdf_ws/src/install/three_wheeled_robot/share/colcon-core/packages/three_wheeled_robot)
[0.255s] DEBUG:colcon.colcon_parallel_executor.executor.parallel:closing loop
[0.255s] DEBUG:colcon.colcon_parallel_executor.executor.parallel:loop closed
[0.255s] DEBUG:colcon.colcon_parallel_executor.executor.parallel:run_until_complete finished with '0'
[0.255s] DEBUG:colcon.colcon_core.event_reactor:joining thread
[0.258s] INFO:colcon.colcon_core.plugin_system:Skipping extension 'colcon_notification.desktop_notification.terminal_notifier': Not used on non-Darwin systems
[0.258s] INFO:colcon.colcon_core.plugin_system:Skipping extension 'colcon_notification.desktop_notification.win32': Not used on non-Windows systems
[0.258s] INFO:colcon.colcon_notification.desktop_notification:Sending desktop notification using 'notify2'
[0.265s] DEBUG:colcon.colcon_core.event_reactor:joined thread
[0.265s] INFO:colcon.colcon_core.shell:Creating prefix script '/home/tan/mrt/urdf_ws/src/install/local_setup.ps1'
[0.265s] INFO:colcon.colcon_core.shell:Creating prefix util module '/home/tan/mrt/urdf_ws/src/install/_local_setup_util_ps1.py'
[0.266s] INFO:colcon.colcon_core.shell:Creating prefix chain script '/home/tan/mrt/urdf_ws/src/install/setup.ps1'
[0.267s] INFO:colcon.colcon_core.shell:Creating prefix script '/home/tan/mrt/urdf_ws/src/install/local_setup.sh'
[0.268s] INFO:colcon.colcon_core.shell:Creating prefix util module '/home/tan/mrt/urdf_ws/src/install/_local_setup_util_sh.py'
[0.268s] INFO:colcon.colcon_core.shell:Creating prefix chain script '/home/tan/mrt/urdf_ws/src/install/setup.sh'
[0.268s] INFO:colcon.colcon_core.shell:Creating prefix script '/home/tan/mrt/urdf_ws/src/install/local_setup.bash'
[0.269s] INFO:colcon.colcon_core.shell:Creating prefix chain script '/home/tan/mrt/urdf_ws/src/install/setup.bash'
[0.270s] INFO:colcon.colcon_core.shell:Creating prefix script '/home/tan/mrt/urdf_ws/src/install/local_setup.zsh'
[0.270s] INFO:colcon.colcon_core.shell:Creating prefix chain script '/home/tan/mrt/urdf_ws/src/install/setup.zsh'
